[debug] [2026-01-02T21:29:15.164Z] ----------------------------------------------------------------------
[debug] [2026-01-02T21:29:15.172Z] Command:       C:\Program Files\nodejs\node.exe C:\Users\LAB\AppData\Roaming\npm\node_modules\firebase-tools\lib\bin\firebase.js emulators:start --only functions
[debug] [2026-01-02T21:29:15.173Z] CLI Version:   15.1.0
[debug] [2026-01-02T21:29:15.174Z] Platform:      win32
[debug] [2026-01-02T21:29:15.174Z] Node Version:  v20.19.6
[debug] [2026-01-02T21:29:15.175Z] Time:          Sat Jan 03 2026 00:29:15 GMT+0300 (East Africa Time)
[debug] [2026-01-02T21:29:15.175Z] ----------------------------------------------------------------------
[debug] 
[debug] [2026-01-02T21:29:56.423Z] > command requires scopes: ["email","openid","https://www.googleapis.com/auth/cloudplatformprojects.readonly","https://www.googleapis.com/auth/firebase","https://www.googleapis.com/auth/cloud-platform"]
[debug] [2026-01-02T21:29:56.423Z] > authorizing via signed-in user (molamihert@gmail.com)
[info] i  emulators: Starting emulators: functions {"metadata":{"emulator":{"name":"hub"},"message":"Starting emulators: functions"}}
[debug] [2026-01-02T21:29:56.438Z] [logging] Logging Emulator only supports listening on one address (127.0.0.1). Not listening on ::1
[debug] [2026-01-02T21:29:56.439Z] assigned listening specs for emulators {"user":{"hub":[{"address":"127.0.0.1","family":"IPv4","port":4400},{"address":"::1","family":"IPv6","port":4400}],"ui":[{"address":"127.0.0.1","family":"IPv4","port":4000},{"address":"::1","family":"IPv6","port":4000}],"logging":[{"address":"127.0.0.1","family":"IPv4","port":4500}]},"metadata":{"message":"assigned listening specs for emulators"}}
[debug] [2026-01-02T21:29:56.448Z] Emulator locator file path: C:\Users\LAB\AppData\Local\Temp\hub-clone-f5c60.json
[debug] [2026-01-02T21:29:56.448Z] [hub] writing locator at C:\Users\LAB\AppData\Local\Temp\hub-clone-f5c60.json
[debug] [2026-01-02T21:29:56.479Z] [functions] Functions Emulator only supports listening on one address (127.0.0.1). Not listening on ::1
[debug] [2026-01-02T21:29:56.479Z] [eventarc] Eventarc Emulator only supports listening on one address (127.0.0.1). Not listening on ::1
[debug] [2026-01-02T21:29:56.480Z] [tasks] Cloud Tasks Emulator only supports listening on one address (127.0.0.1). Not listening on ::1
[debug] [2026-01-02T21:29:56.480Z] late-assigned ports for functions and eventarc emulators {"user":{"hub":[{"address":"127.0.0.1","family":"IPv4","port":4400},{"address":"::1","family":"IPv6","port":4400}],"ui":[{"address":"127.0.0.1","family":"IPv4","port":4000},{"address":"::1","family":"IPv6","port":4000}],"logging":[{"address":"127.0.0.1","family":"IPv4","port":4500}],"functions":[{"address":"127.0.0.1","family":"IPv4","port":5001}],"eventarc":[{"address":"127.0.0.1","family":"IPv4","port":9299}],"tasks":[{"address":"127.0.0.1","family":"IPv4","port":9499}]},"metadata":{"message":"late-assigned ports for functions and eventarc emulators"}}
[warn] !  functions: The following emulators are not running, calls to these services from the Functions emulator will affect production: apphosting, auth, firestore, database, hosting, pubsub, storage, dataconnect {"metadata":{"emulator":{"name":"functions"},"message":"The following emulators are not running, calls to these services from the Functions emulator will affect production: \u001b[1mapphosting, auth, firestore, database, hosting, pubsub, storage, dataconnect\u001b[22m"}}
[debug] [2026-01-02T21:29:56.527Z] defaultcredentials: writing to file C:\Users\LAB\AppData\Roaming\firebase\molamihert_gmail_com_application_default_credentials.json
[debug] [2026-01-02T21:29:56.530Z] Setting GAC to C:\Users\LAB\AppData\Roaming\firebase\molamihert_gmail_com_application_default_credentials.json {"metadata":{"emulator":{"name":"functions"},"message":"Setting GAC to C:\\Users\\LAB\\AppData\\Roaming\\firebase\\molamihert_gmail_com_application_default_credentials.json"}}
[debug] [2026-01-02T21:29:56.532Z] Checked if tokens are valid: false, expires at: 1767384681334
[debug] [2026-01-02T21:29:56.532Z] Checked if tokens are valid: false, expires at: 1767384681334
[debug] [2026-01-02T21:29:56.532Z] > refreshing access token with scopes: []
[debug] [2026-01-02T21:29:56.535Z] >>> [apiv2][query] POST https://www.googleapis.com/oauth2/v3/token [none]
[debug] [2026-01-02T21:29:56.535Z] >>> [apiv2][body] POST https://www.googleapis.com/oauth2/v3/token [omitted]
[debug] [2026-01-02T21:29:57.109Z] <<< [apiv2][status] POST https://www.googleapis.com/oauth2/v3/token 200
[debug] [2026-01-02T21:29:57.109Z] <<< [apiv2][body] POST https://www.googleapis.com/oauth2/v3/token [omitted]
[debug] [2026-01-02T21:29:57.190Z] >>> [apiv2][query] GET https://firebase.googleapis.com/v1beta1/projects/clone-f5c60/adminSdkConfig [none]
[debug] [2026-01-02T21:29:58.067Z] <<< [apiv2][status] GET https://firebase.googleapis.com/v1beta1/projects/clone-f5c60/adminSdkConfig 200
[debug] [2026-01-02T21:29:58.068Z] <<< [apiv2][body] GET https://firebase.googleapis.com/v1beta1/projects/clone-f5c60/adminSdkConfig {"projectId":"clone-f5c60","storageBucket":"clone-f5c60.firebasestorage.app"}
[info] i  functions: Watching "C:\Users\LAB\Documents\Evangadi\Abaymart\Abaymart\Abaymart-project\functions" for Cloud Functions... {"metadata":{"emulator":{"name":"functions"},"message":"Watching \"C:\\Users\\LAB\\Documents\\Evangadi\\Abaymart\\Abaymart\\Abaymart-project\\functions\" for Cloud Functions..."}}
[debug] [2026-01-02T21:29:58.241Z] Validating nodejs source
[debug] [2026-01-02T21:30:08.367Z] checkFunctionsSDKVersion was unable to fetch information from NPM Error: spawnSync C:\Windows\system32\cmd.exe ETIMEDOUT
    at Object.spawnSync (node:internal/child_process:1123:20)
    at Object.spawnSync (node:child_process:877:24)
    at Function.spawnSync [as sync] (C:\Users\LAB\AppData\Roaming\npm\node_modules\firebase-tools\node_modules\cross-spawn\index.js:26:23)
    at Object.getLatestSDKVersion (C:\Users\LAB\AppData\Roaming\npm\node_modules\firebase-tools\lib\deploy\functions\runtimes\node\versioning.js:54:25)
    at Object.checkFunctionsSDKVersion (C:\Users\LAB\AppData\Roaming\npm\node_modules\firebase-tools\lib\deploy\functions\runtimes\node\versioning.js:74:32)
    at Delegate.validate (C:\Users\LAB\AppData\Roaming\npm\node_modules\firebase-tools\lib\deploy\functions\runtimes\node\index.js:88:20)
    at FunctionsEmulator.discoverTriggers (C:\Users\LAB\AppData\Roaming\npm\node_modules\firebase-tools\lib\emulator\functionsEmulator.js:319:35)
    at async FunctionsEmulator.loadTriggers (C:\Users\LAB\AppData\Roaming\npm\node_modules\firebase-tools\lib\emulator\functionsEmulator.js:361:34)
    at async FunctionsEmulator.connect (C:\Users\LAB\AppData\Roaming\npm\node_modules\firebase-tools\lib\emulator\functionsEmulator.js:281:13)
    at async Object.startAll (C:\Users\LAB\AppData\Roaming\npm\node_modules\firebase-tools\lib\emulator\controller.js:677:13)
[debug] [2026-01-02T21:30:08.368Z] > [functions] package.json contents: {
  "name": "functions",
  "description": "Cloud Functions for Firebase",
  "scripts": {
    "lint": "eslint .",
    "serve": "firebase emulators:start --only functions",
    "shell": "firebase functions:shell",
    "start": "npm run shell",
    "deploy": "firebase deploy --only functions",
    "logs": "firebase functions:log"
  },
  "engines": {
    "node": "20"
  },
  "main": "index.js",
  "dependencies": {
    "cors": "^2.8.5",
    "dotenv": "^17.2.3",
    "express": "^5.2.1",
    "firebase-admin": "^13.6.0",
    "firebase-functions": "^7.0.0",
    "stripe": "^20.1.0"
  },
  "devDependencies": {
    "eslint": "^8.15.0",
    "eslint-config-google": "^0.14.0",
    "eslint-plugin-node": "^11.1.0",
    "firebase-functions-test": "^3.4.1"
  },
  "private": true
}
[debug] [2026-01-02T21:30:08.369Z] Building nodejs source
[debug] [2026-01-02T21:30:08.371Z] Failed to find version of module node: reached end of search path C:\Users\LAB\Documents\Evangadi\Abaymart\Abaymart\Abaymart-project\functions\node_modules
[info] +  functions: Using node@20 from host. 
[info] i  functions: Loaded environment variables from .env. 
[debug] [2026-01-02T21:30:08.428Z] Could not find functions.yaml. Must use http discovery
[debug] [2026-01-02T21:30:08.454Z] Found firebase-functions binary at 'C:\Users\LAB\Documents\Evangadi\Abaymart\Abaymart\Abaymart-project\functions\node_modules\.bin\firebase-functions'
[info] Serving at port 8507

[info] [dotenv@17.2.3] injecting env (1) from .env -- tip: ⚙️  load multiple .env files with { path: ['.env.local', '.env'] }

[error] !!  functions: Failed to load function definition from source: FirebaseError: User code failed to load. Cannot determine backend specification. Timeout after 10000. See https://firebase.google.com/docs/functions/tips#avoid_deployment_timeouts_during_initialization' {"metadata":{"emulator":{"name":"functions"},"message":"Failed to load function definition from source: FirebaseError: User code failed to load. Cannot determine backend specification. Timeout after 10000. See https://firebase.google.com/docs/functions/tips#avoid_deployment_timeouts_during_initialization'"}}
[debug] [2026-01-02T21:30:25.683Z] Could not find VSCode notification endpoint: FetchError: request to http://localhost:40001/vscode/notify failed, reason: . If you are not running the Firebase Data Connect VSCode extension, this is expected and not an issue.
[info] 
┌─────────────────────────────────────────────────────────────┐
│ ✔  All emulators ready! It is now safe to connect your app. │
│ i  View Emulator UI at http://127.0.0.1:4000/               │
└─────────────────────────────────────────────────────────────┘

┌───────────┬────────────────┬─────────────────────────────────┐
│ Emulator  │ Host:Port      │ View in Emulator UI             │
├───────────┼────────────────┼─────────────────────────────────┤
│ Functions │ 127.0.0.1:5001 │ http://127.0.0.1:4000/functions │
└───────────┴────────────────┴─────────────────────────────────┘
  Emulator Hub host: 127.0.0.1 port: 4400
  Other reserved ports: 4500

Issues? Report them at https://github.com/firebase/firebase-tools/issues and attach the *-debug.log files.
 
